c:\users\viktor\desktop\pr\git-clones\cpp-homework\hw01\multiplicationtable\multiplicationtable\debug\vc143.pdb
c:\users\viktor\desktop\pr\git-clones\cpp-homework\hw01\multiplicationtable\multiplicationtable\debug\vc143.idb
c:\users\viktor\desktop\pr\git-clones\cpp-homework\hw01\multiplicationtable\multiplicationtable\debug\multiplicationtable.obj
c:\users\viktor\desktop\pr\git-clones\cpp-homework\hw01\multiplicationtable\debug\multiplicationtable.exe
c:\users\viktor\desktop\pr\git-clones\cpp-homework\hw01\multiplicationtable\debug\multiplicationtable.pdb
c:\users\yuwe\desktop\unrealhomework\cpp-homework\hw01\multiplicationtable\multiplicationtable\debug\multiplicationtable.obj
c:\users\yuwe\desktop\unrealhomework\cpp-homework\hw01\multiplicationtable\multiplicationtable\debug\multiplicationtable.ilk
c:\users\yuwe\desktop\unrealhomework\cpp-homework\hw01\multiplicationtable\multiplicationtable\debug\vc142.idb
c:\users\yuwe\desktop\unrealhomework\cpp-homework\hw01\multiplicationtable\multiplicationtable\debug\vc143.idb
c:\users\yuwe\desktop\unrealhomework\cpp-homework\hw01\multiplicationtable\multiplicationtable\debug\vc142.pdb
c:\users\yuwe\desktop\unrealhomework\cpp-homework\hw01\multiplicationtable\multiplicationtable\debug\vc143.pdb
c:\users\yuwe\desktop\unrealhomework\cpp-homework\hw01\multiplicationtable\debug\multiplicationtable.pdb
c:\users\yuwe\desktop\unrealhomework\cpp-homework\hw01\multiplicationtable\debug\multiplicationtable.exe
c:\users\yuwe\desktop\unrealhomework\cpp-homework\hw01\multiplicationtable\multiplicationtable\debug\multipli.af4ba1d4.tlog\cl.command.1.tlog
c:\users\yuwe\desktop\unrealhomework\cpp-homework\hw01\multiplicationtable\multiplicationtable\debug\multipli.af4ba1d4.tlog\cl.items.tlog
c:\users\yuwe\desktop\unrealhomework\cpp-homework\hw01\multiplicationtable\multiplicationtable\debug\multipli.af4ba1d4.tlog\cl.read.1.tlog
c:\users\yuwe\desktop\unrealhomework\cpp-homework\hw01\multiplicationtable\multiplicationtable\debug\multipli.af4ba1d4.tlog\cl.write.1.tlog
c:\users\yuwe\desktop\unrealhomework\cpp-homework\hw01\multiplicationtable\multiplicationtable\debug\multipli.af4ba1d4.tlog\link.command.1.tlog
c:\users\yuwe\desktop\unrealhomework\cpp-homework\hw01\multiplicationtable\multiplicationtable\debug\multipli.af4ba1d4.tlog\link.read.1.tlog
c:\users\yuwe\desktop\unrealhomework\cpp-homework\hw01\multiplicationtable\multiplicationtable\debug\multipli.af4ba1d4.tlog\link.secondary.1.tlog
c:\users\yuwe\desktop\unrealhomework\cpp-homework\hw01\multiplicationtable\multiplicationtable\debug\multipli.af4ba1d4.tlog\link.write.1.tlog
