c:\users\viktor\desktop\pr\git-clones\cpp-homework\hw03\notebook\notebook\debug\vc143.pdb
c:\users\viktor\desktop\pr\git-clones\cpp-homework\hw03\notebook\notebook\debug\vc143.idb
c:\users\viktor\desktop\pr\git-clones\cpp-homework\hw03\notebook\notebook\debug\notebook.obj
c:\users\viktor\desktop\pr\git-clones\cpp-homework\hw03\notebook\debug\notebook.exe
c:\users\viktor\desktop\pr\git-clones\cpp-homework\hw03\notebook\debug\notebook.pdb
c:\users\yuwe\desktop\unrealhomework\cpp-homework\hw03\notebook\notebook\debug\notebook.obj
c:\users\yuwe\desktop\unrealhomework\cpp-homework\hw03\notebook\notebook\debug\notebook.ilk
c:\users\yuwe\desktop\unrealhomework\cpp-homework\hw03\notebook\notebook\debug\vc142.idb
c:\users\yuwe\desktop\unrealhomework\cpp-homework\hw03\notebook\notebook\debug\vc143.idb
c:\users\yuwe\desktop\unrealhomework\cpp-homework\hw03\notebook\notebook\debug\vc142.pdb
c:\users\yuwe\desktop\unrealhomework\cpp-homework\hw03\notebook\notebook\debug\vc143.pdb
c:\users\yuwe\desktop\unrealhomework\cpp-homework\hw03\notebook\debug\notebook.pdb
c:\users\yuwe\desktop\unrealhomework\cpp-homework\hw03\notebook\debug\notebook.exe
c:\users\yuwe\desktop\unrealhomework\cpp-homework\hw03\notebook\notebook\debug\notebook.tlog\cl.command.1.tlog
c:\users\yuwe\desktop\unrealhomework\cpp-homework\hw03\notebook\notebook\debug\notebook.tlog\cl.items.tlog
c:\users\yuwe\desktop\unrealhomework\cpp-homework\hw03\notebook\notebook\debug\notebook.tlog\cl.read.1.tlog
c:\users\yuwe\desktop\unrealhomework\cpp-homework\hw03\notebook\notebook\debug\notebook.tlog\cl.write.1.tlog
c:\users\yuwe\desktop\unrealhomework\cpp-homework\hw03\notebook\notebook\debug\notebook.tlog\link.command.1.tlog
c:\users\yuwe\desktop\unrealhomework\cpp-homework\hw03\notebook\notebook\debug\notebook.tlog\link.read.1.tlog
c:\users\yuwe\desktop\unrealhomework\cpp-homework\hw03\notebook\notebook\debug\notebook.tlog\link.secondary.1.tlog
c:\users\yuwe\desktop\unrealhomework\cpp-homework\hw03\notebook\notebook\debug\notebook.tlog\link.write.1.tlog
